\BOOKMARK [0][-]{chapter.1}{Introduction}{}% 1
\BOOKMARK [1][-]{section.1.1}{The benefits of user centered design}{chapter.1}% 2
\BOOKMARK [1][-]{section.1.2}{Focus of the project}{chapter.1}% 3
\BOOKMARK [2][-]{subsection.1.2.1}{The Scrum framework}{section.1.2}% 4
\BOOKMARK [1][-]{section.1.3}{The TonePrint concept}{chapter.1}% 5
\BOOKMARK [2][-]{subsection.1.3.1}{The TonePrint Software}{section.1.3}% 6
\BOOKMARK [0][-]{chapter.2}{Exploring the TonePrint application}{}% 7
\BOOKMARK [1][-]{section.2.1}{Heuristic evaluation}{chapter.2}% 8
\BOOKMARK [1][-]{section.2.2}{Heuristic Evaluation Results}{chapter.2}% 9
\BOOKMARK [0][-]{chapter.3}{The Design process of TC Electronic}{}% 10
\BOOKMARK [1][-]{section.3.1}{Interview with TC}{chapter.3}% 11
\BOOKMARK [0][-]{chapter.4}{Thematic Analysis}{}% 12
\BOOKMARK [1][-]{section.4.1}{Method}{chapter.4}% 13
\BOOKMARK [1][-]{section.4.2}{Themes}{chapter.4}% 14
\BOOKMARK [2][-]{subsection.4.2.1}{Community Features 'Not tags'}{section.4.2}% 15
\BOOKMARK [1][-]{section.4.3}{Interview conclusions}{chapter.4}% 16
\BOOKMARK [0][-]{chapter.5}{Community concept}{}% 17
\BOOKMARK [1][-]{section.5.1}{Conceptual model}{chapter.5}% 18
\BOOKMARK [2][-]{subsection.5.1.1}{The TonePrint Concept model}{section.5.1}% 19
\BOOKMARK [2][-]{subsection.5.1.2}{Community Model}{section.5.1}% 20
\BOOKMARK [2][-]{subsection.5.1.3}{Community Use Cases}{section.5.1}% 21
\BOOKMARK [0][-]{chapter.6}{Task and Methods}{}% 22
\BOOKMARK [1][-]{section.6.1}{Basic Concept Tasks}{chapter.6}% 23
\BOOKMARK [2][-]{subsection.6.1.1}{Task 1: Designing the informational structure}{section.6.1}% 24
\BOOKMARK [2][-]{subsection.6.1.2}{Task 2: Tags}{section.6.1}% 25
\BOOKMARK [2][-]{subsection.6.1.3}{Task 3: Self-promoting functionalities}{section.6.1}% 26
\BOOKMARK [2][-]{subsection.6.1.4}{Task 4: Appearance and GUI of the App}{section.6.1}% 27
