\BOOKMARK [0][-]{chapter.1}{Introduction}{}% 1
\BOOKMARK [1][-]{section.1.1}{The benefits of user centered design}{chapter.1}% 2
\BOOKMARK [1][-]{section.1.2}{Focus of the project}{chapter.1}% 3
\BOOKMARK [2][-]{subsection.1.2.1}{The Scrum framework}{section.1.2}% 4
\BOOKMARK [1][-]{section.1.3}{The TonePrint concept}{chapter.1}% 5
\BOOKMARK [2][-]{subsection.1.3.1}{The TonePrint Software}{section.1.3}% 6
\BOOKMARK [0][-]{chapter.2}{Exploring the TonePrint application}{}% 7
\BOOKMARK [1][-]{section.2.1}{Heuristic evaluation}{chapter.2}% 8
\BOOKMARK [1][-]{section.2.2}{Heuristic Evaluation Results}{chapter.2}% 9
\BOOKMARK [0][-]{chapter.3}{The Design process of TC Electronic}{}% 10
\BOOKMARK [1][-]{section.3.1}{Interview with TC}{chapter.3}% 11
\BOOKMARK [0][-]{chapter.4}{Thematic Analysis}{}% 12
\BOOKMARK [1][-]{section.4.1}{Method}{chapter.4}% 13
\BOOKMARK [1][-]{section.4.2}{Themes}{chapter.4}% 14
\BOOKMARK [2][-]{subsection.4.2.1}{Native UI / Slow app feedback \(Feedback om langsom app\)}{section.4.2}% 15
\BOOKMARK [2][-]{subsection.4.2.2}{Community Features 'Not tags'}{section.4.2}% 16
\BOOKMARK [1][-]{section.4.3}{Interview conclusions}{chapter.4}% 17
\BOOKMARK [0][-]{chapter.5}{Community concept}{}% 18
\BOOKMARK [1][-]{section.5.1}{Conceptual model}{chapter.5}% 19
\BOOKMARK [2][-]{subsection.5.1.1}{Use case}{section.5.1}% 20
